--> // p3_linear_algebra.sce
--> A = [3 2 -1; 2 -2 4; -1 0.5 -1];
--> b = [1; -2; 0];
--> x = A \ b; // решение СЛАУ
--> disp(x);
   1.0000000
  -2.0000000
  -2.0000000
--> // Проверка невязки
--> res = A*x - b;
--> disp("Невязка:"); disp(res);
  "Невязка:"
  -2.220D-16
   1.776D-15
  -2.220D-16
--> // Собственные значения/векторы (дополнительно)
--> [vecs, vals] = spec(A); // eigenvectors/eigenvalues
--> disp(vals);
   3.6295241 + 0.i   0.        + 0.i   0.        + 0.i
   0.        + 0.i  -3.8445197 + 0.i   0.        + 0.i
   0.        + 0.i   0.        + 0.i   0.2149956 + 0.i