--> // p1_basics.sce
--> // Переменные и базовые функции
--> x = 3; y = 4;
--> r = sqrt(x^2 + y^2); // 5
--> disp(r);
   5.
--> disp(sin(%pi/6)); // 0.5
   0.5000000
--> disp(exp(1)); // e
   2.7182818
--> disp(log(10)); // ln(10)
   2.3025851
--> // Векторы и диапазоны
--> v = 1:5; // [1 2 3 4 5]
--> u = linspace(0, 1, 6); // 6 точек от 0 до 1
--> disp(v); disp(u);
   1.   2.   3.   4.   5.
   0.   0.2   0.4   0.6   0.8   1.
--> // Элементные операции
--> a = [1 2 3]; b = [4 5 6];
--> disp(a + b);
   5.   7.   9.
--> disp(a .* b); // поэлементное умножение
   4.   10.   18.