--> // p2_plots.sce
--> // 2D график
--> x = -10:0.1:10;
--> y = 4*x.^2 + 5*x + 8;
--> clf();
--> plot(x, y);
--> xtitle("y = 4x^2 + 5x + 8", "x", "y");
--> xgrid();
--> legend("полином");
--> // Параметрические кривые (пример Лиссажу)
--> t = 0:0.01:%pi*2;
--> x1 = sin(3*t); y1 = sin(4*t);
--> figure();
--> plot(x1, y1);
--> xtitle("Фигура Лиссажу", "x(t)", "y(t)");
--> xgrid();
--> // 3D поверхность z = x^2 - y^2
--> xv = -2:0.1:2;
--> yv = -2:0.1:2;
--> [X,Y] = meshgrid(xv, yv);
--> Z = X.^2 - Y.^2;
--> figure();
--> plot3d(xv, yv, Z); xtitle("z = x^2 - y^2", "x", "y");
--> // сетка по векторам