--> // p9_optim.sce
--> // Функция Розенброка уже включена в scilab
--> x0 = [-1.2; 1];
--> // Так как сигнатура вызова optim изменилась
--> // Используем код примера из официальной документации 
--> // https://help.scilab.org/docs/2026.0.0/ru_RU/optim.html
--> function [f, g, ind]=rosenbrockCost(x, ind)
-->     f = rosen(x);
-->     g = numderivative(rosen, x);
--> endfunction
--> [fopt, xopt] = optim(rosenbrockCost, x0)
 fopt = 
   5.332D-17
 xopt = [2x1 double]
   1.0000000
   1.0000000
--> disp("Минимум: fopt = " + string(fopt));
  "Минимум: fopt = 5.332D-17"
--> disp("В точке: xopt = " + string(xopt'));
  "В точке: xopt = 1"  "В точке: xopt = 1"
--> // Проверим с fminsearch совместимой со старой сигнатурой вызова
--> [xopt, fopt] = fminsearch(rosen, x0);
--> disp("Минимум: fopt = " + string(fopt));
  "Минимум: fopt = 8.178D-10"
--> disp("В точке: xopt = " + string(xopt'));
  "В точке: xopt = 1.000022" 
  "В точке: xopt = 1.0000422"